This file contains any messages produced by compilers while
running configure, to aid debugging if configure makes a mistake.

It was created by Tauola C++ Interface - TauSpinner examples configure 1.1, which was
generated by GNU Autoconf 2.59.  Invocation command line was

  $ ./configure --with-mc-tester=/home/atlas/jreynolds/work/another_one/external/TAUOLA/TAUOLA/TauSpinner/examples/../../../../MC-TESTER/mc-tester --with-hepmc=/home/atlas/jreynolds/work/another_one/external/TAUOLA/TAUOLA/TauSpinner/examples/../../../../HEPMC/hepmc2.06.09

## --------- ##
## Platform. ##
## --------- ##

hostname = lapy.lancs.ac.uk
uname -m = x86_64
uname -r = 3.10.0-1160.15.2.el7.x86_64
uname -s = Linux
uname -v = #1 SMP Wed Feb 3 15:06:38 UTC 2021

/usr/bin/uname -p = x86_64
/bin/uname -X     = unknown

/bin/arch              = x86_64
/usr/bin/arch -k       = unknown
/usr/convex/getsysinfo = unknown
hostinfo               = unknown
/bin/machine           = unknown
/usr/bin/oslevel       = unknown
/bin/universe          = unknown

PATH: /cvmfs/atlas.cern.ch/repo/ATLASLocalRootBase/x86_64/davix/0.8.0-x86_64-centos7/bin
PATH: /cvmfs/atlas.cern.ch/repo/ATLASLocalRootBase/x86_64/xrootd/3.3.6.p1-x86_64-slc6-gcc48-opt/v3.3.6/bin
PATH: /cvmfs/atlas.cern.ch/repo/ATLASLocalRootBase/x86_64/root/5.34.25-x86_64-slc6-gcc48-opt/bin
PATH: /cvmfs/atlas.cern.ch/repo/ATLASLocalRootBase/x86_64/fftw/3.1.2-x86_64-slc6-gcc48-opt/bin
PATH: /cvmfs/atlas.cern.ch/repo/ATLASLocalRootBase/x86_64/gsl/1.10-x86_64-slc6-gcc48-opt/bin
PATH: /cvmfs/atlas.cern.ch/repo/ATLASLocalRootBase/x86_64/gccxml/0.9.0_20120309p2-x86_64-slc6-gcc48-opt/sw/lcg/external/gccxml/0.9.0_20120309p2/x86_64-slc6-gcc48-opt/bin
PATH: /cvmfs/atlas.cern.ch/repo/ATLASLocalRootBase/x86_64/Gcc/gcc481_x86_64_slc6/slc6/gcc48/bin
PATH: /cvmfs/atlas.cern.ch/repo/ATLASLocalRootBase/x86_64/Cmake/3.21.3/Linux-x86_64/bin
PATH: /usr/lib64/qt-3.3/bin
PATH: /usr/local/bin
PATH: /usr/bin
PATH: /usr/local/sbin
PATH: /usr/sbin
PATH: /home/atlas/jreynolds/.local/bin
PATH: /home/atlas/jreynolds/bin


## ----------- ##
## Core tests. ##
## ----------- ##

configure:1341: checking if HepMC location defined
configure:1347: result: /home/atlas/jreynolds/work/another_one/external/TAUOLA/TAUOLA/TauSpinner/examples/../../../../HEPMC/hepmc2.06.09
configure:1355: checking if MC-TESTER location defined
configure:1361: result: /home/atlas/jreynolds/work/another_one/external/TAUOLA/TAUOLA/TauSpinner/examples/../../../../MC-TESTER/mc-tester
configure:1373: checking whether make sets $(MAKE)
configure:1393: result: yes
configure:1402: checking whether ln -s works
configure:1406: result: yes
configure:1459: checking for gcc
configure:1475: found /cvmfs/atlas.cern.ch/repo/ATLASLocalRootBase/x86_64/Gcc/gcc481_x86_64_slc6/slc6/gcc48/bin/gcc
configure:1485: result: gcc
configure:1729: checking for C compiler version
configure:1732: gcc --version </dev/null >&5
gcc (GCC) 4.8.1
Copyright (C) 2013 Free Software Foundation, Inc.
This is free software; see the source for copying conditions.  There is NO
warranty; not even for MERCHANTABILITY or FITNESS FOR A PARTICULAR PURPOSE.

configure:1735: $? = 0
configure:1737: gcc -v </dev/null >&5
Using built-in specs.
COLLECT_GCC=gcc
COLLECT_LTO_WRAPPER=/cvmfs/atlas.cern.ch/repo/ATLASLocalRootBase/x86_64/Gcc/gcc481_x86_64_slc6/slc6/x86_64-slc6-gcc48-opt/bin/../libexec/gcc/x86_64-unknown-linux-gnu/4.8.1/lto-wrapper
Target: x86_64-unknown-linux-gnu
Configured with: /build/vdiez/gcc-4.8.1/configure --prefix=/build/vdiez/gcc-4.8.1-installation --with-mpfr=/afs/cern.ch/sw/lcg/external/mpfr/3.1.2/x86_64-slc6-gcc48-opt --with-gmp=/afs/cern.ch/sw/lcg/external/gmp/5.1.1/x86_64-slc6-gcc48-opt --with-mpc=/afs/cern.ch/sw/lcg/external/mpc/1.0.1/x86_64-slc6-gcc48-opt --enable-libstdcxx-time --enable-lto --with-isl=/afs/cern.ch/sw/lcg/external/isl/0.11.1/x86_64-slc6-gcc48-opt --with-cloog=/afs/cern.ch/sw/lcg/external/cloog/0.18.0/x86_64-slc6-gcc48-opt --enable-languages=c,c++,fortran,go
Thread model: posix
gcc version 4.8.1 (GCC) 
configure:1740: $? = 0
configure:1742: gcc -V </dev/null >&5
gcc: error: unrecognized command line option '-V'
gcc: fatal error: no input files
compilation terminated.
configure:1745: $? = 1
configure:1768: checking for C compiler default output file name
configure:1771: gcc    conftest.c  >&5
configure:1774: $? = 0
configure:1820: result: a.out
configure:1825: checking whether the C compiler works
configure:1831: ./a.out
configure:1834: $? = 0
configure:1851: result: yes
configure:1858: checking whether we are cross compiling
configure:1860: result: no
configure:1863: checking for suffix of executables
configure:1865: gcc -o conftest    conftest.c  >&5
configure:1868: $? = 0
configure:1893: result: 
configure:1899: checking for suffix of object files
configure:1920: gcc -c   conftest.c >&5
configure:1923: $? = 0
configure:1945: result: o
configure:1949: checking whether we are using the GNU C compiler
configure:1973: gcc -c   conftest.c >&5
configure:1979: $? = 0
configure:1983: test -z 
			 || test ! -s conftest.err
configure:1986: $? = 0
configure:1989: test -s conftest.o
configure:1992: $? = 0
configure:2005: result: yes
configure:2011: checking whether gcc accepts -g
configure:2032: gcc -c -g  conftest.c >&5
configure:2038: $? = 0
configure:2042: test -z 
			 || test ! -s conftest.err
configure:2045: $? = 0
configure:2048: test -s conftest.o
configure:2051: $? = 0
configure:2062: result: yes
configure:2079: checking for gcc option to accept ANSI C
configure:2149: gcc  -c -g -O2  conftest.c >&5
configure:2155: $? = 0
configure:2159: test -z 
			 || test ! -s conftest.err
configure:2162: $? = 0
configure:2165: test -s conftest.o
configure:2168: $? = 0
configure:2186: result: none needed
configure:2204: gcc -c -g -O2  conftest.c >&5
conftest.c:2:3: error: unknown type name 'choke'
   choke me
   ^
conftest.c:2:3: error: expected '=', ',', ';', 'asm' or '__attribute__' at end of input
configure:2210: $? = 1
configure: failed program was:
| #ifndef __cplusplus
|   choke me
| #endif
configure:2395: checking for g++
configure:2411: found /cvmfs/atlas.cern.ch/repo/ATLASLocalRootBase/x86_64/Gcc/gcc481_x86_64_slc6/slc6/gcc48/bin/g++
configure:2421: result: g++
configure:2437: checking for C++ compiler version
configure:2440: g++ --version </dev/null >&5
g++ (GCC) 4.8.1
Copyright (C) 2013 Free Software Foundation, Inc.
This is free software; see the source for copying conditions.  There is NO
warranty; not even for MERCHANTABILITY or FITNESS FOR A PARTICULAR PURPOSE.

configure:2443: $? = 0
configure:2445: g++ -v </dev/null >&5
Using built-in specs.
COLLECT_GCC=g++
COLLECT_LTO_WRAPPER=/cvmfs/atlas.cern.ch/repo/ATLASLocalRootBase/x86_64/Gcc/gcc481_x86_64_slc6/slc6/x86_64-slc6-gcc48-opt/bin/../libexec/gcc/x86_64-unknown-linux-gnu/4.8.1/lto-wrapper
Target: x86_64-unknown-linux-gnu
Configured with: /build/vdiez/gcc-4.8.1/configure --prefix=/build/vdiez/gcc-4.8.1-installation --with-mpfr=/afs/cern.ch/sw/lcg/external/mpfr/3.1.2/x86_64-slc6-gcc48-opt --with-gmp=/afs/cern.ch/sw/lcg/external/gmp/5.1.1/x86_64-slc6-gcc48-opt --with-mpc=/afs/cern.ch/sw/lcg/external/mpc/1.0.1/x86_64-slc6-gcc48-opt --enable-libstdcxx-time --enable-lto --with-isl=/afs/cern.ch/sw/lcg/external/isl/0.11.1/x86_64-slc6-gcc48-opt --with-cloog=/afs/cern.ch/sw/lcg/external/cloog/0.18.0/x86_64-slc6-gcc48-opt --enable-languages=c,c++,fortran,go
Thread model: posix
gcc version 4.8.1 (GCC) 
configure:2448: $? = 0
configure:2450: g++ -V </dev/null >&5
g++: error: unrecognized command line option '-V'
g++: fatal error: no input files
compilation terminated.
configure:2453: $? = 1
configure:2456: checking whether we are using the GNU C++ compiler
configure:2480: g++ -c   conftest.cc >&5
configure:2486: $? = 0
configure:2490: test -z 
			 || test ! -s conftest.err
configure:2493: $? = 0
configure:2496: test -s conftest.o
configure:2499: $? = 0
configure:2512: result: yes
configure:2518: checking whether g++ accepts -g
configure:2539: g++ -c -g  conftest.cc >&5
configure:2545: $? = 0
configure:2549: test -z 
			 || test ! -s conftest.err
configure:2552: $? = 0
configure:2555: test -s conftest.o
configure:2558: $? = 0
configure:2569: result: yes
configure:2611: g++ -c -g -O2  conftest.cc >&5
configure:2617: $? = 0
configure:2621: test -z 
			 || test ! -s conftest.err
configure:2624: $? = 0
configure:2627: test -s conftest.o
configure:2630: $? = 0
configure:2656: g++ -c -g -O2  conftest.cc >&5
conftest.cc: In function 'int main()':
conftest.cc:13:9: error: 'exit' was not declared in this scope
 exit (42);
         ^
configure:2662: $? = 1
configure: failed program was:
| /* confdefs.h.  */
| 
| #define PACKAGE_NAME "Tauola C++ Interface - TauSpinner examples"
| #define PACKAGE_TARNAME "tauola-c---interface---tauspinner-examples"
| #define PACKAGE_VERSION "1.1"
| #define PACKAGE_STRING "Tauola C++ Interface - TauSpinner examples 1.1"
| #define PACKAGE_BUGREPORT "tomasz.przedzinski@uj.edu.pl "
| /* end confdefs.h.  */
| 
| int
| main ()
| {
| exit (42);
|   ;
|   return 0;
| }
configure:2611: g++ -c -g -O2  conftest.cc >&5
conftest.cc:9:40: error: 'void std::exit(int)' should have been declared inside 'std'
 extern "C" void std::exit (int) throw (); using std::exit;
                                        ^
configure:2617: $? = 1
configure: failed program was:
| /* confdefs.h.  */
| 
| #define PACKAGE_NAME "Tauola C++ Interface - TauSpinner examples"
| #define PACKAGE_TARNAME "tauola-c---interface---tauspinner-examples"
| #define PACKAGE_VERSION "1.1"
| #define PACKAGE_STRING "Tauola C++ Interface - TauSpinner examples 1.1"
| #define PACKAGE_BUGREPORT "tomasz.przedzinski@uj.edu.pl "
| /* end confdefs.h.  */
| extern "C" void std::exit (int) throw (); using std::exit;
| #include <stdlib.h>
| int
| main ()
| {
| exit (42);
|   ;
|   return 0;
| }
configure:2611: g++ -c -g -O2  conftest.cc >&5
conftest.cc:9:31: error: 'void std::exit(int)' should have been declared inside 'std'
 extern "C" void std::exit (int); using std::exit;
                               ^
In file included from conftest.cc:10:0:
/usr/include/stdlib.h:542:70: error: declaration of 'void std::exit(int) throw ()' has a different exception specifier
 extern void exit (int __status) __THROW __attribute__ ((__noreturn__));
                                                                      ^
conftest.cc:9:17: error: from previous declaration 'void std::exit(int)'
 extern "C" void std::exit (int); using std::exit;
                 ^
configure:2617: $? = 1
configure: failed program was:
| /* confdefs.h.  */
| 
| #define PACKAGE_NAME "Tauola C++ Interface - TauSpinner examples"
| #define PACKAGE_TARNAME "tauola-c---interface---tauspinner-examples"
| #define PACKAGE_VERSION "1.1"
| #define PACKAGE_STRING "Tauola C++ Interface - TauSpinner examples 1.1"
| #define PACKAGE_BUGREPORT "tomasz.przedzinski@uj.edu.pl "
| /* end confdefs.h.  */
| extern "C" void std::exit (int); using std::exit;
| #include <stdlib.h>
| int
| main ()
| {
| exit (42);
|   ;
|   return 0;
| }
configure:2611: g++ -c -g -O2  conftest.cc >&5
configure:2617: $? = 0
configure:2621: test -z 
			 || test ! -s conftest.err
configure:2624: $? = 0
configure:2627: test -s conftest.o
configure:2630: $? = 0
configure:2656: g++ -c -g -O2  conftest.cc >&5
configure:2662: $? = 0
configure:2666: test -z 
			 || test ! -s conftest.err
configure:2669: $? = 0
configure:2672: test -s conftest.o
configure:2675: $? = 0
configure:2739: checking for ranlib
configure:2755: found /usr/bin/ranlib
configure:2766: result: ranlib
configure:2784: checking how to run the C preprocessor
configure:2819: gcc -E  conftest.c
configure:2825: $? = 0
configure:2857: gcc -E  conftest.c
conftest.c:12:28: fatal error: ac_nonexistent.h: No such file or directory
 #include <ac_nonexistent.h>
                            ^
compilation terminated.
configure:2863: $? = 1
configure: failed program was:
| /* confdefs.h.  */
| 
| #define PACKAGE_NAME "Tauola C++ Interface - TauSpinner examples"
| #define PACKAGE_TARNAME "tauola-c---interface---tauspinner-examples"
| #define PACKAGE_VERSION "1.1"
| #define PACKAGE_STRING "Tauola C++ Interface - TauSpinner examples 1.1"
| #define PACKAGE_BUGREPORT "tomasz.przedzinski@uj.edu.pl "
| #ifdef __cplusplus
| extern "C" void exit (int) throw ();
| #endif
| /* end confdefs.h.  */
| #include <ac_nonexistent.h>
configure:2902: result: gcc -E
configure:2926: gcc -E  conftest.c
configure:2932: $? = 0
configure:2964: gcc -E  conftest.c
conftest.c:12:28: fatal error: ac_nonexistent.h: No such file or directory
 #include <ac_nonexistent.h>
                            ^
compilation terminated.
configure:2970: $? = 1
configure: failed program was:
| /* confdefs.h.  */
| 
| #define PACKAGE_NAME "Tauola C++ Interface - TauSpinner examples"
| #define PACKAGE_TARNAME "tauola-c---interface---tauspinner-examples"
| #define PACKAGE_VERSION "1.1"
| #define PACKAGE_STRING "Tauola C++ Interface - TauSpinner examples 1.1"
| #define PACKAGE_BUGREPORT "tomasz.przedzinski@uj.edu.pl "
| #ifdef __cplusplus
| extern "C" void exit (int) throw ();
| #endif
| /* end confdefs.h.  */
| #include <ac_nonexistent.h>
configure:3015: checking for cpp
configure:3031: found /cvmfs/atlas.cern.ch/repo/ATLASLocalRootBase/x86_64/Gcc/gcc481_x86_64_slc6/slc6/gcc48/bin/cpp
configure:3042: result: cpp
configure:3052: checking for an ANSI C-conforming const
configure:3119: g++ -c -g -O2  conftest.cc >&5
configure:3125: $? = 0
configure:3129: test -z 
			 || test ! -s conftest.err
configure:3132: $? = 0
configure:3135: test -s conftest.o
configure:3138: $? = 0
configure:3149: result: yes
configure:3159: checking for inline
configure:3180: g++ -c -g -O2  conftest.cc >&5
configure:3186: $? = 0
configure:3190: test -z 
			 || test ! -s conftest.err
configure:3193: $? = 0
configure:3196: test -s conftest.o
configure:3199: $? = 0
configure:3211: result: inline
configure:3235: checking how to run the C++ preprocessor
configure:3266: g++ -E  conftest.cc
configure:3272: $? = 0
configure:3304: g++ -E  conftest.cc
conftest.cc:12:28: fatal error: ac_nonexistent.h: No such file or directory
 #include <ac_nonexistent.h>
                            ^
compilation terminated.
configure:3310: $? = 1
configure: failed program was:
| /* confdefs.h.  */
| 
| #define PACKAGE_NAME "Tauola C++ Interface - TauSpinner examples"
| #define PACKAGE_TARNAME "tauola-c---interface---tauspinner-examples"
| #define PACKAGE_VERSION "1.1"
| #define PACKAGE_STRING "Tauola C++ Interface - TauSpinner examples 1.1"
| #define PACKAGE_BUGREPORT "tomasz.przedzinski@uj.edu.pl "
| #ifdef __cplusplus
| extern "C" void exit (int) throw ();
| #endif
| /* end confdefs.h.  */
| #include <ac_nonexistent.h>
configure:3349: result: g++ -E
configure:3373: g++ -E  conftest.cc
configure:3379: $? = 0
configure:3411: g++ -E  conftest.cc
conftest.cc:12:28: fatal error: ac_nonexistent.h: No such file or directory
 #include <ac_nonexistent.h>
                            ^
compilation terminated.
configure:3417: $? = 1
configure: failed program was:
| /* confdefs.h.  */
| 
| #define PACKAGE_NAME "Tauola C++ Interface - TauSpinner examples"
| #define PACKAGE_TARNAME "tauola-c---interface---tauspinner-examples"
| #define PACKAGE_VERSION "1.1"
| #define PACKAGE_STRING "Tauola C++ Interface - TauSpinner examples 1.1"
| #define PACKAGE_BUGREPORT "tomasz.przedzinski@uj.edu.pl "
| #ifdef __cplusplus
| extern "C" void exit (int) throw ();
| #endif
| /* end confdefs.h.  */
| #include <ac_nonexistent.h>
configure:3461: checking for egrep
configure:3471: result: grep -E
configure:3476: checking for ANSI C header files
configure:3501: g++ -c -g -O2  conftest.cc >&5
configure:3507: $? = 0
configure:3511: test -z 
			 || test ! -s conftest.err
configure:3514: $? = 0
configure:3517: test -s conftest.o
configure:3520: $? = 0
configure:3609: g++ -o conftest -g -O2   conftest.cc  >&5
configure:3612: $? = 0
configure:3614: ./conftest
configure:3617: $? = 0
configure:3632: result: yes
configure:3656: checking for sys/types.h
configure:3672: g++ -c -g -O2  conftest.cc >&5
configure:3678: $? = 0
configure:3682: test -z 
			 || test ! -s conftest.err
configure:3685: $? = 0
configure:3688: test -s conftest.o
configure:3691: $? = 0
configure:3702: result: yes
configure:3656: checking for sys/stat.h
configure:3672: g++ -c -g -O2  conftest.cc >&5
configure:3678: $? = 0
configure:3682: test -z 
			 || test ! -s conftest.err
configure:3685: $? = 0
configure:3688: test -s conftest.o
configure:3691: $? = 0
configure:3702: result: yes
configure:3656: checking for stdlib.h
configure:3672: g++ -c -g -O2  conftest.cc >&5
configure:3678: $? = 0
configure:3682: test -z 
			 || test ! -s conftest.err
configure:3685: $? = 0
configure:3688: test -s conftest.o
configure:3691: $? = 0
configure:3702: result: yes
configure:3656: checking for string.h
configure:3672: g++ -c -g -O2  conftest.cc >&5
configure:3678: $? = 0
configure:3682: test -z 
			 || test ! -s conftest.err
configure:3685: $? = 0
configure:3688: test -s conftest.o
configure:3691: $? = 0
configure:3702: result: yes
configure:3656: checking for memory.h
configure:3672: g++ -c -g -O2  conftest.cc >&5
configure:3678: $? = 0
configure:3682: test -z 
			 || test ! -s conftest.err
configure:3685: $? = 0
configure:3688: test -s conftest.o
configure:3691: $? = 0
configure:3702: result: yes
configure:3656: checking for strings.h
configure:3672: g++ -c -g -O2  conftest.cc >&5
configure:3678: $? = 0
configure:3682: test -z 
			 || test ! -s conftest.err
configure:3685: $? = 0
configure:3688: test -s conftest.o
configure:3691: $? = 0
configure:3702: result: yes
configure:3656: checking for inttypes.h
configure:3672: g++ -c -g -O2  conftest.cc >&5
configure:3678: $? = 0
configure:3682: test -z 
			 || test ! -s conftest.err
configure:3685: $? = 0
configure:3688: test -s conftest.o
configure:3691: $? = 0
configure:3702: result: yes
configure:3656: checking for stdint.h
configure:3672: g++ -c -g -O2  conftest.cc >&5
configure:3678: $? = 0
configure:3682: test -z 
			 || test ! -s conftest.err
configure:3685: $? = 0
configure:3688: test -s conftest.o
configure:3691: $? = 0
configure:3702: result: yes
configure:3656: checking for unistd.h
configure:3672: g++ -c -g -O2  conftest.cc >&5
configure:3678: $? = 0
configure:3682: test -z 
			 || test ! -s conftest.err
configure:3685: $? = 0
configure:3688: test -s conftest.o
configure:3691: $? = 0
configure:3702: result: yes
configure:3714: checking for ptrdiff_t
configure:3738: g++ -c -g -O2  conftest.cc >&5
configure:3744: $? = 0
configure:3748: test -z 
			 || test ! -s conftest.err
configure:3751: $? = 0
configure:3754: test -s conftest.o
configure:3757: $? = 0
configure:3768: result: yes
configure:3786: checking for stdlib.h
configure:3791: result: yes
configure:3931: checking for GNU libc compatible malloc
configure:3960: g++ -o conftest -g -O2   conftest.cc  >&5
configure:3963: $? = 0
configure:3965: ./conftest
configure:3968: $? = 0
configure:3982: result: yes
configure:4016: checking for strftime
configure:4073: g++ -o conftest -g -O2   conftest.cc  >&5
configure:4079: $? = 0
configure:4083: test -z 
			 || test ! -s conftest.err
configure:4086: $? = 0
configure:4089: test -s conftest
configure:4092: $? = 0
configure:4104: result: yes
configure:4195: checking for atexit
configure:4252: g++ -o conftest -g -O2   conftest.cc  >&5
configure:4258: $? = 0
configure:4262: test -z 
			 || test ! -s conftest.err
configure:4265: $? = 0
configure:4268: test -s conftest
configure:4271: $? = 0
configure:4283: result: yes
configure:4195: checking for getcwd
configure:4252: g++ -o conftest -g -O2   conftest.cc  >&5
configure:4258: $? = 0
configure:4262: test -z 
			 || test ! -s conftest.err
configure:4265: $? = 0
configure:4268: test -s conftest
configure:4271: $? = 0
configure:4283: result: yes
configure:4195: checking for pow
configure:4252: g++ -o conftest -g -O2   conftest.cc  >&5
configure:4258: $? = 0
configure:4262: test -z 
			 || test ! -s conftest.err
configure:4265: $? = 0
configure:4268: test -s conftest
configure:4271: $? = 0
configure:4283: result: yes
configure:4195: checking for sqrt
configure:4252: g++ -o conftest -g -O2   conftest.cc  >&5
configure:4258: $? = 0
configure:4262: test -z 
			 || test ! -s conftest.err
configure:4265: $? = 0
configure:4268: test -s conftest
configure:4271: $? = 0
configure:4283: result: yes
configure:4318: checking HepMC/Version.h usability
configure:4330: g++ -c -g -O2 -I/home/atlas/jreynolds/work/another_one/external/TAUOLA/TAUOLA/TauSpinner/examples/../../../../HEPMC/hepmc2.06.09/include  conftest.cc >&5
configure:4336: $? = 0
configure:4340: test -z 
			 || test ! -s conftest.err
configure:4343: $? = 0
configure:4346: test -s conftest.o
configure:4349: $? = 0
configure:4359: result: yes
configure:4363: checking HepMC/Version.h presence
configure:4373: g++ -E -I/home/atlas/jreynolds/work/another_one/external/TAUOLA/TAUOLA/TauSpinner/examples/../../../../HEPMC/hepmc2.06.09/include  conftest.cc
configure:4379: $? = 0
configure:4399: result: yes
configure:4434: checking for HepMC/Version.h
configure:4441: result: yes
configure:4481: checking Generate.h usability
configure:4493: g++ -c -g -O2 -I/home/atlas/jreynolds/work/another_one/external/TAUOLA/TAUOLA/TauSpinner/examples/../../../../MC-TESTER/mc-tester/include -I/home/atlas/jreynolds/work/another_one/external/TAUOLA/TAUOLA/TauSpinner/examples/../../../../HEPMC/hepmc2.06.09/include  conftest.cc >&5
configure:4499: $? = 0
configure:4503: test -z 
			 || test ! -s conftest.err
configure:4506: $? = 0
configure:4509: test -s conftest.o
configure:4512: $? = 0
configure:4522: result: yes
configure:4526: checking Generate.h presence
configure:4536: g++ -E -I/home/atlas/jreynolds/work/another_one/external/TAUOLA/TAUOLA/TauSpinner/examples/../../../../MC-TESTER/mc-tester/include -I/home/atlas/jreynolds/work/another_one/external/TAUOLA/TAUOLA/TauSpinner/examples/../../../../HEPMC/hepmc2.06.09/include  conftest.cc
configure:4542: $? = 0
configure:4562: result: yes
configure:4597: checking for Generate.h
configure:4604: result: yes
configure:4754: creating ./config.status

## ---------------------- ##
## Running config.status. ##
## ---------------------- ##

This file was extended by Tauola C++ Interface - TauSpinner examples config.status 1.1, which was
generated by GNU Autoconf 2.59.  Invocation command line was

  CONFIG_FILES    = 
  CONFIG_HEADERS  = 
  CONFIG_LINKS    = 
  CONFIG_COMMANDS = 
  $ ./config.status 

on lapy.lancs.ac.uk

config.status:644: creating make.inc

## ---------------- ##
## Cache variables. ##
## ---------------- ##

ac_cv_c_compiler_gnu=yes
ac_cv_c_const=yes
ac_cv_c_inline=inline
ac_cv_cxx_compiler_gnu=yes
ac_cv_env_CC_set=
ac_cv_env_CC_value=
ac_cv_env_CFLAGS_set=
ac_cv_env_CFLAGS_value=
ac_cv_env_CPPFLAGS_set=
ac_cv_env_CPPFLAGS_value=
ac_cv_env_CPP_set=
ac_cv_env_CPP_value=
ac_cv_env_CXXCPP_set=
ac_cv_env_CXXCPP_value=
ac_cv_env_CXXFLAGS_set=
ac_cv_env_CXXFLAGS_value=
ac_cv_env_CXX_set=
ac_cv_env_CXX_value=
ac_cv_env_LDFLAGS_set=
ac_cv_env_LDFLAGS_value=
ac_cv_env_build_alias_set=
ac_cv_env_build_alias_value=
ac_cv_env_host_alias_set=
ac_cv_env_host_alias_value=
ac_cv_env_target_alias_set=
ac_cv_env_target_alias_value=
ac_cv_exeext=
ac_cv_func_atexit=yes
ac_cv_func_getcwd=yes
ac_cv_func_malloc_0_nonnull=yes
ac_cv_func_pow=yes
ac_cv_func_sqrt=yes
ac_cv_func_strftime=yes
ac_cv_header_Generate_h=yes
ac_cv_header_HepMC_Version_h=yes
ac_cv_header_inttypes_h=yes
ac_cv_header_memory_h=yes
ac_cv_header_stdc=yes
ac_cv_header_stdint_h=yes
ac_cv_header_stdlib_h=yes
ac_cv_header_string_h=yes
ac_cv_header_strings_h=yes
ac_cv_header_sys_stat_h=yes
ac_cv_header_sys_types_h=yes
ac_cv_header_unistd_h=yes
ac_cv_objext=o
ac_cv_prog_CPP='gcc -E'
ac_cv_prog_CXXCPP='g++ -E'
ac_cv_prog_DIRECT_CPP=cpp
ac_cv_prog_ac_ct_CC=gcc
ac_cv_prog_ac_ct_CXX=g++
ac_cv_prog_ac_ct_RANLIB=ranlib
ac_cv_prog_cc_g=yes
ac_cv_prog_cc_stdc=
ac_cv_prog_cxx_g=yes
ac_cv_prog_egrep='grep -E'
ac_cv_prog_make_make_set=yes
ac_cv_type_ptrdiff_t=yes

## ----------------- ##
## Output variables. ##
## ----------------- ##

CC='gcc'
CFLAGS='-g -O2'
CPP='gcc -E'
CPPFLAGS='-I/home/atlas/jreynolds/work/another_one/external/TAUOLA/TAUOLA/TauSpinner/examples/../../../../MC-TESTER/mc-tester/include -I/home/atlas/jreynolds/work/another_one/external/TAUOLA/TAUOLA/TauSpinner/examples/../../../../HEPMC/hepmc2.06.09/include '
CXX='g++'
CXXCPP='g++ -E'
CXXFLAGS='-g -O2'
DEFS='-DPACKAGE_NAME=\"Tauola\ C++\ Interface\ -\ TauSpinner\ examples\" -DPACKAGE_TARNAME=\"tauola-c---interface---tauspinner-examples\" -DPACKAGE_VERSION=\"1.1\" -DPACKAGE_STRING=\"Tauola\ C++\ Interface\ -\ TauSpinner\ examples\ 1.1\" -DPACKAGE_BUGREPORT=\"tomasz.przedzinski@uj.edu.pl\ \" -DSTDC_HEADERS=1 -DHAVE_SYS_TYPES_H=1 -DHAVE_SYS_STAT_H=1 -DHAVE_STDLIB_H=1 -DHAVE_STRING_H=1 -DHAVE_MEMORY_H=1 -DHAVE_STRINGS_H=1 -DHAVE_INTTYPES_H=1 -DHAVE_STDINT_H=1 -DHAVE_UNISTD_H=1 -DHAVE_PTRDIFF_T=1 -DHAVE_STDLIB_H=1 -DHAVE_MALLOC=1 -DHAVE_STRFTIME=1 -DHAVE_ATEXIT=1 -DHAVE_GETCWD=1 -DHAVE_POW=1 -DHAVE_SQRT=1 -DHAVE_HEPMC_VERSION_H=1 -DHAVE_GENERATE_H=1 '
DIRECT_CPP='cpp'
ECHO_C=''
ECHO_N='-n'
ECHO_T=''
EGREP='grep -E'
EXEEXT=''
LDFLAGS=''
LIBOBJS=''
LIBS=''
LN_S='ln -s'
LTLIBOBJS=''
OBJEXT='o'
PACKAGE_BUGREPORT='tomasz.przedzinski@uj.edu.pl '
PACKAGE_NAME='Tauola C++ Interface - TauSpinner examples'
PACKAGE_STRING='Tauola C++ Interface - TauSpinner examples 1.1'
PACKAGE_TARNAME='tauola-c---interface---tauspinner-examples'
PACKAGE_VERSION='1.1'
PATH_SEPARATOR=':'
RANLIB='ranlib'
SET_MAKE=''
SHELL='/bin/sh'
ac_ct_CC='gcc'
ac_ct_CXX='g++'
ac_ct_RANLIB='ranlib'
bindir='${exec_prefix}/bin'
build_alias=''
datadir='${prefix}/share'
exec_prefix='${prefix}'
host_alias=''
includedir='${prefix}/include'
infodir='${prefix}/info'
libdir='${exec_prefix}/lib'
libexecdir='${exec_prefix}/libexec'
localstatedir='${prefix}/var'
mandir='${prefix}/man'
oldincludedir='/usr/include'
prefix='/home/atlas/jreynolds/work/another_one/external/TAUOLA/TAUOLA/TauSpinner/examples'
program_transform_name='s,x,x,'
sbindir='${exec_prefix}/sbin'
sharedstatedir='${prefix}/com'
sysconfdir='${prefix}/etc'
target_alias=''
with_hepmc='/home/atlas/jreynolds/work/another_one/external/TAUOLA/TAUOLA/TauSpinner/examples/../../../../HEPMC/hepmc2.06.09'
with_mc_tester='/home/atlas/jreynolds/work/another_one/external/TAUOLA/TAUOLA/TauSpinner/examples/../../../../MC-TESTER/mc-tester'

## ----------- ##
## confdefs.h. ##
## ----------- ##

#define HAVE_ATEXIT 1
#define HAVE_GENERATE_H 1
#define HAVE_GETCWD 1
#define HAVE_HEPMC_VERSION_H 1
#define HAVE_INTTYPES_H 1
#define HAVE_MALLOC 1
#define HAVE_MEMORY_H 1
#define HAVE_POW 1
#define HAVE_PTRDIFF_T 1
#define HAVE_SQRT 1
#define HAVE_STDINT_H 1
#define HAVE_STDLIB_H 1
#define HAVE_STDLIB_H 1
#define HAVE_STRFTIME 1
#define HAVE_STRINGS_H 1
#define HAVE_STRING_H 1
#define HAVE_SYS_STAT_H 1
#define HAVE_SYS_TYPES_H 1
#define HAVE_UNISTD_H 1
#define PACKAGE_BUGREPORT "tomasz.przedzinski@uj.edu.pl "
#define PACKAGE_NAME "Tauola C++ Interface - TauSpinner examples"
#define PACKAGE_STRING "Tauola C++ Interface - TauSpinner examples 1.1"
#define PACKAGE_TARNAME "tauola-c---interface---tauspinner-examples"
#define PACKAGE_VERSION "1.1"
#define STDC_HEADERS 1
#endif
#ifdef __cplusplus
extern "C" void exit (int) throw ();

configure: exit 0
