1
 ********************************************************************************
 *                                                                              *
 *                          ==========================                          *
 *                            PHOTOS, Version:  2.15                            *
 *                            Released at:  11/10/ 5                            *
 *                          ==========================                          *
 *                                                                              *
 *                  PHOTOS QED Corrections in Particle Decays                   *
 *                                                                              *
 *         Monte Carlo Program - by E. Barberio, B. van Eijk and Z. Was         *
 *         Version 2.09  - by P. Golonka and Z.W.                               *
 *                                                                              *
 ********************************************************************************
 *                                                                              *
 *                  Internal input parameters:                                  *
 *                                                                              *
 *                  INTERF= T  ISEC= T  ITRE= F  IEXP= F  IFTOP= T   IFW= T     *
 *                  ALPHA_QED= 0.00730   XPHCUT=.100E-01                        *
 *                                                                              *
 *                  option with interference is active                          *
 *                  option with double photons is active                        *
 *                  emision in t tbar production is active                      *
 *                  correction wt in decay of W is active                       *
 *                                                                              *
 *          WARNING (1): /HEPEVT/ is not anymore the standard common block      *
 *                                                                              *
 *          PHOTOS expects /HEPEVT/ to have REAL*8 variables. To change to      *
 *          REAL*4 modify its declaration in subr. PHOTOS_GET PHOTOS_SET:       *
 *               REAL*8  d_h_phep,  d_h_vhep                                    *
 *          WARNING (2): check dims. of /hepevt/ /phoqed/ /ph_hepevt/.          *
 *          HERE:                     d_h_nmxhep=2000  and  NMXHEP=10000        *
 *                                                                              *
 ********************************************************************************
1                                                                              
 ******************************************************************************
 ******************************************************************************
 **                                                                          **
 **                                                                          **
 **  PPP  Y   Y TTTTT H   H III   A        JJJJ EEEE TTTTT  SSS  EEEE TTTTT  **
 **  P  P  Y Y    T   H   H  I   A A          J E      T   S     E      T    **
 **  PPP    Y     T   HHHHH  I  AAAAA         J EEE    T    SSS  EEE    T    **
 **  P      Y     T   H   H  I  A   A      J  J E      T       S E      T    **
 **  P      Y     T   H   H III A   A       JJ  EEEE   T    SSS  EEEE   T    **
 **                                                                          **
 **                                                                          **
 **              *......*                  Welcome to the Lund Monte Carlo!  **
 **         *:::!!:::::::::::*                                               **
 **      *::::::!!::::::::::::::*           Warning: PYTHIA is not loaded!   **
 **    *::::::::!!::::::::::::::::*        Did you remember to link PYDATA?  **
 **   *:::::::::!!:::::::::::::::::*                                         **
 **   *:::::::::!!:::::::::::::::::*         This is JETSET version 7.401    **
 **    *::::::::!!::::::::::::::::*!       Last date of change: 11 Feb 1994  **
 **      *::::::!!::::::::::::::* !!                                         **
 **      !! *:::!!:::::::::::*    !!                                         **
 **      !!     !* -><- *         !!                 Main author:            **
 **      !!     !!                !!              Torbjorn Sjostrand         **
 **      !!     !!                !!            Theory Division, CERN,       **
 **      !!                       !!              CH-1211 Geneva 23,         **
 **      !!        ep             !!                 Switzerland             **
 **      !!                       !!          phone +41 - 22 - 767 28 20     **
 **      !!                 pp    !!         E-mail TORSJO@CERNVM.CERN.CH    **
 **      !!   e+e-                !!                                         **
 **      !!                       !!         Copyright Torbjorn Sjostrand    **
 **      !!                                     and CERN, Geneva 1993        **
 **                                                                          **
 **                                                                          **
 ** When you cite these programs, priority should always be given to the     **
 ** latest published description.                                            **
 ** Currently this is, for JETSET                                            **
 ** T. Sjostrand and M. Bengtsson, Computer Physics Commun. 43 (1987) 367,   **
 ** and for PYTHIA                                                           **
 ** H.-U. Bengtsson and T. Sjostrand, Computer Physics Commun. 46 (1987) 43. **
 ** The most recent long description (unpublished) is:                       **
 ** T. Sjostrand, CERN-TH.7112/93 (1993).                                    **
 ** Also remember that the programs, to a large extent, represent original   **
 ** physics research. Other publications of special relevance to your        **
 ** studies may therefore deserve separate mention.                          **
 **                                                                          **
 **                                                                          **
 ******************************************************************************
 ******************************************************************************
0================================================================================
                              Event No.:         1
0      Particle Parameters
0 Nr   Type   Parent(s)  Daughter(s)      Px       Py       Pz       E    Inv. M.
    1      4      0         3 -    3    37.24    21.82    14.34    45.50     1.35
    2     -4      0         3 -    3   -37.24   -21.82   -14.34    45.50     1.35
    3     94   1 -    2     4 -    5     0.00     0.00     0.00    91.00    91.00
    4      4      3         6 -    7    36.61    21.46    14.10    45.64     9.14
    5     -4      3         8 -    9   -36.61   -21.46   -14.10    45.36     7.59
    6      4      4        10 -   11    36.71    21.41    14.25    45.45     7.54
    7     21      4        21 -   21    -0.10     0.05    -0.15     0.19     0.00
    8     -4      5        12 -   13   -36.81   -21.55   -14.17    45.13     4.02
    9     21      5        22 -   22     0.20     0.09     0.07     0.23     0.00
   10      4      6        18 -   18    11.08     3.15     3.08    12.00     1.35
   11     21      6        14 -   15    25.64    18.25    11.18    33.46     2.01
   12     -4      8        16 -   17   -36.62   -21.39   -13.90    44.76     3.46
   13     21      8        23 -   23    -0.20    -0.16    -0.27     0.37     0.00
   14     21     11        20 -   20    22.61    16.76     9.64    29.75     0.00
   15     21     11        19 -   19     3.02     1.49     1.53     3.70     0.00
   16     -4     12        25 -   25   -33.65   -18.79   -13.16    40.75     1.35
   17     21     12        24 -   24    -2.96    -2.59    -0.74     4.00     0.00
   18      4     10        26 -   26    11.08     3.15     3.08    12.00     1.35
   19     21     15        26 -   26     3.02     1.49     1.53     3.70     0.00
   20     21     14        26 -   26    22.61    16.76     9.64    29.75     0.00
   21     21      7        26 -   26    -0.10     0.05    -0.15     0.19     0.00
   22     21      9        26 -   26     0.20     0.09     0.07     0.23     0.00
   23     21     13        26 -   26    -0.20    -0.16    -0.27     0.37     0.00
   24     21     17        26 -   26    -2.96    -2.59    -0.74     4.00     0.00
   25     -4     16        26 -   26   -33.65   -18.79   -13.16    40.75     1.35
   26     92  18 -   25    27 -   37     0.00     0.00     0.00    91.00    91.00
   27    413     26        38 -   39    13.22     4.65     4.16    14.76     2.01
   28    223     26        40 -   42     2.96     2.24     1.46     4.07     0.78
   29    223     26        43 -   45     7.41     5.30     3.10     9.65     0.77
   30   1114     26        46 -   47     3.25     2.58     1.38     4.52     1.15
   31    213     26        48 -   49     4.50     2.67     1.39     5.46     0.74
   32  -2214     26        50 -   51     4.32     2.79     1.96     5.66     1.31
   33    111     26        52 -   53     0.56     0.47     0.08     0.75     0.14
   34    223     26        54 -   56    -0.64     0.47     0.25     1.14     0.78
   35   2114     26        57 -   58    -0.50    -1.39    -0.36     2.03     1.35
   36   -313     26        59 -   60    -1.89    -0.28     0.08     2.09     0.84
   37  -4314     26        61 -   62   -33.18   -19.51   -13.50    40.87     2.63
   38    421     27        63 -   64    12.44     4.39     3.89    13.88     1.86
   39    211     27         Stable       0.78     0.26     0.27     0.87     0.14
   40    211     28         Stable       0.23     0.28     0.15     0.42     0.14
   41   -211     28         Stable       1.15     0.55     0.51     1.38     0.14
   42    111     28        65 -   66     1.57     1.42     0.80     2.27     0.14
   43    211     29         Stable       4.03     2.88     1.49     5.17     0.14
   44   -211     29         Stable       0.91     0.51     0.48     1.16     0.14
   45    111     29        67 -   68     2.47     1.91     1.12     3.32     0.14
   46   2112     30         Stable       2.32     1.85     1.08     3.29     0.94
   47   -211     30         Stable       0.93     0.73     0.31     1.23     0.14
   48    211     31         Stable       3.07     1.45     0.89     3.51     0.14
   49    111     31        69 -   70     1.42     1.23     0.50     1.95     0.14
   50  -2212     32         Stable       2.80     1.62     1.46     3.67     0.94
   51    111     32        71 -   72     1.51     1.17     0.50     1.98     0.14
   52     22     33         Stable       0.42     0.41     0.10     0.60     0.00
   53     22     33         Stable       0.14     0.06    -0.02     0.15     0.00
   54    211     34         Stable      -0.18     0.10     0.22     0.33     0.14
   55   -211     34         Stable      -0.39     0.41     0.16     0.60     0.14
   56    111     34        73 -   74    -0.06    -0.04    -0.13     0.20     0.14
   57   2112     35         Stable      -0.55    -1.34    -0.10     1.73     0.94
   58    111     35        75 -   76     0.05    -0.05    -0.26     0.30     0.14
   59   -321     36         Stable      -1.11     0.08     0.05     1.21     0.49
   60    211     36         Stable      -0.79    -0.36     0.03     0.88     0.14
   61  -4132     37        77 -   79   -29.51   -17.34   -12.07    36.38     2.47
   62     22     37         Stable      -3.67    -2.17    -1.42     4.49     0.00
   63   -313     38        80 -   81     7.23     2.61     2.19     8.05     0.90
   64    313     38        82 -   83     5.21     1.78     1.70     5.84     0.93
   65     22     42         Stable       0.69     0.54     0.36     0.94     0.00
   66     22     42         Stable       0.89     0.88     0.44     1.33     0.00
   67     22     45         Stable       0.57     0.41     0.20     0.73     0.00
   68     22     45         Stable       1.89     1.50     0.92     2.58     0.00
   69     22     49         Stable       0.12     0.10     0.00     0.16     0.00
   70     22     49         Stable       1.31     1.12     0.50     1.79     0.00
   71     22     51         Stable       1.34     1.02     0.40     1.73     0.00
   72     22     51         Stable       0.17     0.16     0.11     0.26     0.00
   73     22     56         Stable       0.04     0.01    -0.04     0.06     0.00
   74     22     56         Stable      -0.10    -0.05    -0.09     0.14     0.00
   75     22     58         Stable       0.02    -0.07    -0.26     0.27     0.00
   76     22     58         Stable       0.03     0.02    -0.01     0.04     0.00
   77     11     61         Stable      -4.55    -2.46    -1.85     5.49     0.00
   78    -12     61         Stable      -3.68    -2.64    -1.09     4.66     0.00
   79  -3312     61        84 -   85   -21.28   -12.24    -9.14    26.23     1.32
   80   -321     63         Stable       3.43     1.13     0.79     3.73     0.49
   81    211     63         Stable       3.81     1.48     1.40     4.32     0.14
   82    321     64         Stable       4.08     1.10     1.33     4.45     0.49
   83   -211     64         Stable       1.13     0.69     0.37     1.38     0.14
   84  -3122     79        86 -   87   -17.90   -10.14    -7.64    21.97     1.12
   85    211     79         Stable      -3.38    -2.10    -1.50     4.26     0.14
   86  -2212     84         Stable     -16.35    -9.32    -6.96    20.09     0.94
   87    211     84         Stable      -1.55    -0.81    -0.68     1.88     0.14
0                       Vector Sum:      0.00     0.00     0.00    91.00    91.00
 ********************************************************************************
 *                                                                              *
 * PHOTOS: Available Phase Space below Cut-off:        0.006000 GeV/c^2         *
 *                                                                              *
 ********************************************************************************
0================================================================================
                           === after PHOTOS: ===
0================================================================================
                              Event No.:         1
0      Particle Parameters
0 Nr   Type   Parent(s)  Daughter(s)      Px       Py       Pz       E    Inv. M.
    1      4      0         3 -    3    37.24    21.82    14.34    45.50     1.35
    2     -4      0         3 -    3   -37.24   -21.82   -14.34    45.50     1.35
    3     94   1 -    2     4 -    5     0.00     0.00     0.00    91.00    91.00
    4      4      3         6 -    7    36.61    21.46    14.10    45.64     9.14
    5     -4      3         8 -    9   -36.61   -21.46   -14.10    45.36     7.59
    6      4      4        10 -   11    36.71    21.41    14.25    45.45     7.54
    7     21      4        21 -   21    -0.10     0.05    -0.15     0.19     0.00
    8     -4      5        12 -   13   -36.81   -21.55   -14.17    45.13     4.02
    9     21      5        22 -   22     0.20     0.09     0.07     0.23     0.00
   10      4      6        18 -   18    11.08     3.15     3.08    12.00     1.35
   11     21      6        14 -   15    25.64    18.25    11.18    33.46     2.01
   12     -4      8        16 -   17   -36.62   -21.39   -13.90    44.76     3.46
   13     21      8        23 -   23    -0.20    -0.16    -0.27     0.37     0.00
   14     21     11        20 -   20    22.61    16.76     9.64    29.75     0.00
   15     21     11        19 -   19     3.02     1.49     1.53     3.70     0.00
   16     -4     12        25 -   25   -33.65   -18.79   -13.16    40.75     1.35
   17     21     12        24 -   24    -2.96    -2.59    -0.74     4.00     0.00
   18      4     10        26 -   26    11.08     3.15     3.08    12.00     1.35
   19     21     15        26 -   26     3.02     1.49     1.53     3.70     0.00
   20     21     14        26 -   26    22.61    16.76     9.64    29.75     0.00
   21     21      7        26 -   26    -0.10     0.05    -0.15     0.19     0.00
   22     21      9        26 -   26     0.20     0.09     0.07     0.23     0.00
   23     21     13        26 -   26    -0.20    -0.16    -0.27     0.37     0.00
   24     21     17        26 -   26    -2.96    -2.59    -0.74     4.00     0.00
   25     -4     16        26 -   26   -33.65   -18.79   -13.16    40.75     1.35
   26     92  18 -   25    27 -   37     0.00     0.00     0.00    91.00    91.00
   27    413     26        38 -   39    13.22     4.65     4.16    14.76     2.01
   28    223     26        40 -   42     2.96     2.24     1.46     4.07     0.78
   29    223     26        43 -   45     7.41     5.30     3.10     9.65     0.77
   30   1114     26        46 -   47     3.25     2.58     1.38     4.52     1.15
   31    213     26        48 -   49     4.50     2.67     1.39     5.46     0.74
   32  -2214     26        50 -   51     4.32     2.79     1.96     5.66     1.31
   33    111     26        52 -   53     0.56     0.47     0.08     0.75     0.14
   34    223     26        54 -   56    -0.64     0.47     0.25     1.14     0.78
   35   2114     26        57 -   58    -0.50    -1.39    -0.36     2.03     1.35
   36   -313     26        59 -   60    -1.89    -0.28     0.08     2.09     0.84
   37  -4314     26        61 -   62   -33.18   -19.51   -13.50    40.87     2.63
   38    421     27        63 -   64    12.44     4.39     3.89    13.88     1.86
   39    211     27         Stable       0.78     0.26     0.27     0.87     0.14
   40    211     28         Stable       0.23     0.28     0.15     0.42     0.14
   41   -211     28         Stable       1.15     0.55     0.51     1.38     0.14
   42    111     28        65 -   66     1.57     1.42     0.80     2.27     0.14
   43    211     29         Stable       4.03     2.88     1.49     5.17     0.14
   44   -211     29         Stable       0.91     0.51     0.48     1.16     0.14
   45    111     29        67 -   68     2.47     1.91     1.12     3.32     0.14
   46   2112     30         Stable       2.32     1.85     1.08     3.29     0.94
   47   -211     30         Stable       0.93     0.73     0.31     1.23     0.14
   48    211     31         Stable       3.07     1.45     0.89     3.51     0.14
   49    111     31        69 -   70     1.42     1.23     0.50     1.95     0.14
   50  -2212     32         Stable       2.80     1.62     1.46     3.67     0.94
   51    111     32        71 -   72     1.51     1.17     0.50     1.98     0.14
   52     22     33         Stable       0.42     0.41     0.10     0.60     0.00
   53     22     33         Stable       0.14     0.06    -0.02     0.15     0.00
   54    211     34         Stable      -0.18     0.10     0.22     0.33     0.14
   55   -211     34         Stable      -0.39     0.41     0.16     0.60     0.14
   56    111     34        73 -   74    -0.06    -0.04    -0.13     0.20     0.14
   57   2112     35         Stable      -0.55    -1.34    -0.10     1.73     0.94
   58    111     35        75 -   76     0.05    -0.05    -0.26     0.30     0.14
   59   -321     36         Stable      -1.11     0.08     0.05     1.21     0.49
   60    211     36         Stable      -0.79    -0.36     0.03     0.88     0.14
   61  -4132     37        77 -   80   -29.51   -17.34   -12.07    36.38     2.47
   62     22     37         Stable      -3.67    -2.17    -1.42     4.49     0.00
   63   -313     38        81 -   82     7.23     2.61     2.19     8.05     0.90
   64    313     38        83 -   84     5.21     1.78     1.70     5.84     0.93
   65     22     42         Stable       0.69     0.54     0.36     0.94     0.00
   66     22     42         Stable       0.89     0.88     0.44     1.33     0.00
   67     22     45         Stable       0.57     0.41     0.20     0.73     0.00
   68     22     45         Stable       1.89     1.50     0.92     2.58     0.00
   69     22     49         Stable       0.12     0.10     0.00     0.16     0.00
   70     22     49         Stable       1.31     1.12     0.50     1.79     0.00
   71     22     51         Stable       1.34     1.02     0.40     1.73     0.00
   72     22     51         Stable       0.17     0.16     0.11     0.26     0.00
   73     22     56         Stable       0.04     0.01    -0.04     0.06     0.00
   74     22     56         Stable      -0.10    -0.05    -0.09     0.14     0.00
   75     22     58         Stable       0.02    -0.07    -0.26     0.27     0.00
   76     22     58         Stable       0.03     0.02    -0.01     0.04     0.00
   77     11     61         Stable      -4.17    -2.25    -1.69     5.03     0.00
   78    -12     61         Stable      -3.68    -2.64    -1.09     4.66     0.00
   79  -3312     61        85 -   86   -21.28   -12.24    -9.14    26.23     1.32
   80     22     61         Stable      -0.38    -0.21    -0.16     0.46     0.00
   81   -321     63         Stable       3.43     1.13     0.79     3.73     0.49
   82    211     63         Stable       3.81     1.48     1.40     4.32     0.14
   83    321     64         Stable       4.08     1.10     1.33     4.45     0.49
   84   -211     64         Stable       1.13     0.69     0.37     1.38     0.14
   85  -3122     79        87 -   88   -17.90   -10.14    -7.64    21.97     1.12
   86    211     79         Stable      -3.38    -2.10    -1.50     4.26     0.14
   87  -2212     85         Stable     -16.35    -9.32    -6.96    20.09     0.94
   88    211     85         Stable      -1.55    -0.81    -0.68     1.88     0.14
0                       Vector Sum:      0.00     0.00     0.00    91.00    91.00
1
 ********************************************************************************
 *                                                                              *
 **** PHOTOS Test Run has successfully ended                                 ****
 *                                                                              *
 ********************************************************************************
