This file contains any messages produced by compilers while
running configure, to aid debugging if configure makes a mistake.

It was created by Tauola C++ Interface configure 1.0.6, which was
generated by GNU Autoconf 2.59.  Invocation command line was

  $ ./configure --with-tau-spinner --with-lhapdf=/home/atlas/jreynolds/work/another_one/external/TAUOLA/TAUOLA/../../LHAPDF/lhapdf --with-mc-tester=/home/atlas/jreynolds/work/another_one/external/TAUOLA/TAUOLA/../../MC-TESTER/mc-tester --with-hepmc=/home/atlas/jreynolds/work/another_one/external/TAUOLA/TAUOLA/../../HEPMC/hepmc2.06.09 --with-pythia8=/home/atlas/jreynolds/work/another_one/external/TAUOLA/TAUOLA/../../PYTHIA/pythia8306

## --------- ##
## Platform. ##
## --------- ##

hostname = lapy.lancs.ac.uk
uname -m = x86_64
uname -r = 3.10.0-1160.15.2.el7.x86_64
uname -s = Linux
uname -v = #1 SMP Wed Feb 3 15:06:38 UTC 2021

/usr/bin/uname -p = x86_64
/bin/uname -X     = unknown

/bin/arch              = x86_64
/usr/bin/arch -k       = unknown
/usr/convex/getsysinfo = unknown
hostinfo               = unknown
/bin/machine           = unknown
/usr/bin/oslevel       = unknown
/bin/universe          = unknown

PATH: /cvmfs/atlas.cern.ch/repo/ATLASLocalRootBase/x86_64/davix/0.8.0-x86_64-centos7/bin
PATH: /cvmfs/atlas.cern.ch/repo/ATLASLocalRootBase/x86_64/xrootd/3.3.6.p1-x86_64-slc6-gcc48-opt/v3.3.6/bin
PATH: /cvmfs/atlas.cern.ch/repo/ATLASLocalRootBase/x86_64/root/5.34.25-x86_64-slc6-gcc48-opt/bin
PATH: /cvmfs/atlas.cern.ch/repo/ATLASLocalRootBase/x86_64/fftw/3.1.2-x86_64-slc6-gcc48-opt/bin
PATH: /cvmfs/atlas.cern.ch/repo/ATLASLocalRootBase/x86_64/gsl/1.10-x86_64-slc6-gcc48-opt/bin
PATH: /cvmfs/atlas.cern.ch/repo/ATLASLocalRootBase/x86_64/gccxml/0.9.0_20120309p2-x86_64-slc6-gcc48-opt/sw/lcg/external/gccxml/0.9.0_20120309p2/x86_64-slc6-gcc48-opt/bin
PATH: /cvmfs/atlas.cern.ch/repo/ATLASLocalRootBase/x86_64/Gcc/gcc481_x86_64_slc6/slc6/gcc48/bin
PATH: /cvmfs/atlas.cern.ch/repo/ATLASLocalRootBase/x86_64/Cmake/3.21.3/Linux-x86_64/bin
PATH: /usr/lib64/qt-3.3/bin
PATH: /usr/local/bin
PATH: /usr/bin
PATH: /usr/local/sbin
PATH: /usr/sbin
PATH: /home/atlas/jreynolds/.local/bin
PATH: /home/atlas/jreynolds/bin


## ----------- ##
## Core tests. ##
## ----------- ##

configure:1361: checking if HepMC location defined
configure:1367: result: /home/atlas/jreynolds/work/another_one/external/TAUOLA/TAUOLA/../../HEPMC/hepmc2.06.09
configure:1375: checking if MC-TESTER location defined
configure:1381: result: /home/atlas/jreynolds/work/another_one/external/TAUOLA/TAUOLA/../../MC-TESTER/mc-tester
configure:1389: checking if Pythia 8 location defined
configure:1395: result: /home/atlas/jreynolds/work/another_one/external/TAUOLA/TAUOLA/../../PYTHIA/pythia8306
configure:1405: checking if TauSpinner package is included
configure:1411: result: yes
configure:1419: checking if LHAPDF location defined
configure:1425: result: /home/atlas/jreynolds/work/another_one/external/TAUOLA/TAUOLA/../../LHAPDF/lhapdf
configure:1434: checking if debug flags are enabled
configure:1447: result: no
configure:1459: checking whether make sets $(MAKE)
configure:1479: result: yes
configure:1488: checking whether ln -s works
configure:1492: result: yes
configure:1545: checking for gcc
configure:1561: found /cvmfs/atlas.cern.ch/repo/ATLASLocalRootBase/x86_64/Gcc/gcc481_x86_64_slc6/slc6/gcc48/bin/gcc
configure:1571: result: gcc
configure:1815: checking for C compiler version
configure:1818: gcc --version </dev/null >&5
gcc (GCC) 4.8.1
Copyright (C) 2013 Free Software Foundation, Inc.
This is free software; see the source for copying conditions.  There is NO
warranty; not even for MERCHANTABILITY or FITNESS FOR A PARTICULAR PURPOSE.

configure:1821: $? = 0
configure:1823: gcc -v </dev/null >&5
Using built-in specs.
COLLECT_GCC=gcc
COLLECT_LTO_WRAPPER=/cvmfs/atlas.cern.ch/repo/ATLASLocalRootBase/x86_64/Gcc/gcc481_x86_64_slc6/slc6/x86_64-slc6-gcc48-opt/bin/../libexec/gcc/x86_64-unknown-linux-gnu/4.8.1/lto-wrapper
Target: x86_64-unknown-linux-gnu
Configured with: /build/vdiez/gcc-4.8.1/configure --prefix=/build/vdiez/gcc-4.8.1-installation --with-mpfr=/afs/cern.ch/sw/lcg/external/mpfr/3.1.2/x86_64-slc6-gcc48-opt --with-gmp=/afs/cern.ch/sw/lcg/external/gmp/5.1.1/x86_64-slc6-gcc48-opt --with-mpc=/afs/cern.ch/sw/lcg/external/mpc/1.0.1/x86_64-slc6-gcc48-opt --enable-libstdcxx-time --enable-lto --with-isl=/afs/cern.ch/sw/lcg/external/isl/0.11.1/x86_64-slc6-gcc48-opt --with-cloog=/afs/cern.ch/sw/lcg/external/cloog/0.18.0/x86_64-slc6-gcc48-opt --enable-languages=c,c++,fortran,go
Thread model: posix
gcc version 4.8.1 (GCC) 
configure:1826: $? = 0
configure:1828: gcc -V </dev/null >&5
gcc: error: unrecognized command line option '-V'
gcc: fatal error: no input files
compilation terminated.
configure:1831: $? = 1
configure:1854: checking for C compiler default output file name
configure:1857: gcc    conftest.c  >&5
configure:1860: $? = 0
configure:1906: result: a.out
configure:1911: checking whether the C compiler works
configure:1917: ./a.out
configure:1920: $? = 0
configure:1937: result: yes
configure:1944: checking whether we are cross compiling
configure:1946: result: no
configure:1949: checking for suffix of executables
configure:1951: gcc -o conftest    conftest.c  >&5
configure:1954: $? = 0
configure:1979: result: 
configure:1985: checking for suffix of object files
configure:2006: gcc -c   conftest.c >&5
configure:2009: $? = 0
configure:2031: result: o
configure:2035: checking whether we are using the GNU C compiler
configure:2059: gcc -c   conftest.c >&5
configure:2065: $? = 0
configure:2069: test -z 
			 || test ! -s conftest.err
configure:2072: $? = 0
configure:2075: test -s conftest.o
configure:2078: $? = 0
configure:2091: result: yes
configure:2097: checking whether gcc accepts -g
configure:2118: gcc -c -g  conftest.c >&5
configure:2124: $? = 0
configure:2128: test -z 
			 || test ! -s conftest.err
configure:2131: $? = 0
configure:2134: test -s conftest.o
configure:2137: $? = 0
configure:2148: result: yes
configure:2165: checking for gcc option to accept ANSI C
configure:2235: gcc  -c -g -O2  conftest.c >&5
configure:2241: $? = 0
configure:2245: test -z 
			 || test ! -s conftest.err
configure:2248: $? = 0
configure:2251: test -s conftest.o
configure:2254: $? = 0
configure:2272: result: none needed
configure:2290: gcc -c -g -O2  conftest.c >&5
conftest.c:2:3: error: unknown type name 'choke'
   choke me
   ^
conftest.c:2:3: error: expected '=', ',', ';', 'asm' or '__attribute__' at end of input
configure:2296: $? = 1
configure: failed program was:
| #ifndef __cplusplus
|   choke me
| #endif
configure:2481: checking for g++
configure:2497: found /cvmfs/atlas.cern.ch/repo/ATLASLocalRootBase/x86_64/Gcc/gcc481_x86_64_slc6/slc6/gcc48/bin/g++
configure:2507: result: g++
configure:2523: checking for C++ compiler version
configure:2526: g++ --version </dev/null >&5
g++ (GCC) 4.8.1
Copyright (C) 2013 Free Software Foundation, Inc.
This is free software; see the source for copying conditions.  There is NO
warranty; not even for MERCHANTABILITY or FITNESS FOR A PARTICULAR PURPOSE.

configure:2529: $? = 0
configure:2531: g++ -v </dev/null >&5
Using built-in specs.
COLLECT_GCC=g++
COLLECT_LTO_WRAPPER=/cvmfs/atlas.cern.ch/repo/ATLASLocalRootBase/x86_64/Gcc/gcc481_x86_64_slc6/slc6/x86_64-slc6-gcc48-opt/bin/../libexec/gcc/x86_64-unknown-linux-gnu/4.8.1/lto-wrapper
Target: x86_64-unknown-linux-gnu
Configured with: /build/vdiez/gcc-4.8.1/configure --prefix=/build/vdiez/gcc-4.8.1-installation --with-mpfr=/afs/cern.ch/sw/lcg/external/mpfr/3.1.2/x86_64-slc6-gcc48-opt --with-gmp=/afs/cern.ch/sw/lcg/external/gmp/5.1.1/x86_64-slc6-gcc48-opt --with-mpc=/afs/cern.ch/sw/lcg/external/mpc/1.0.1/x86_64-slc6-gcc48-opt --enable-libstdcxx-time --enable-lto --with-isl=/afs/cern.ch/sw/lcg/external/isl/0.11.1/x86_64-slc6-gcc48-opt --with-cloog=/afs/cern.ch/sw/lcg/external/cloog/0.18.0/x86_64-slc6-gcc48-opt --enable-languages=c,c++,fortran,go
Thread model: posix
gcc version 4.8.1 (GCC) 
configure:2534: $? = 0
configure:2536: g++ -V </dev/null >&5
g++: error: unrecognized command line option '-V'
g++: fatal error: no input files
compilation terminated.
configure:2539: $? = 1
configure:2542: checking whether we are using the GNU C++ compiler
configure:2566: g++ -c -O2  conftest.cc >&5
configure:2572: $? = 0
configure:2576: test -z 
			 || test ! -s conftest.err
configure:2579: $? = 0
configure:2582: test -s conftest.o
configure:2585: $? = 0
configure:2598: result: yes
configure:2604: checking whether g++ accepts -g
configure:2625: g++ -c -g  conftest.cc >&5
configure:2631: $? = 0
configure:2635: test -z 
			 || test ! -s conftest.err
configure:2638: $? = 0
configure:2641: test -s conftest.o
configure:2644: $? = 0
configure:2655: result: yes
configure:2697: g++ -c -O2  conftest.cc >&5
configure:2703: $? = 0
configure:2707: test -z 
			 || test ! -s conftest.err
configure:2710: $? = 0
configure:2713: test -s conftest.o
configure:2716: $? = 0
configure:2742: g++ -c -O2  conftest.cc >&5
conftest.cc: In function 'int main()':
conftest.cc:13:9: error: 'exit' was not declared in this scope
 exit (42);
         ^
configure:2748: $? = 1
configure: failed program was:
| /* confdefs.h.  */
| 
| #define PACKAGE_NAME "Tauola C++ Interface"
| #define PACKAGE_TARNAME "tauola-c---interface"
| #define PACKAGE_VERSION "1.0.6"
| #define PACKAGE_STRING "Tauola C++ Interface 1.0.6"
| #define PACKAGE_BUGREPORT "tomasz.przedzinski@uj.edu.pl "
| /* end confdefs.h.  */
| 
| int
| main ()
| {
| exit (42);
|   ;
|   return 0;
| }
configure:2697: g++ -c -O2  conftest.cc >&5
conftest.cc:9:40: error: 'void std::exit(int)' should have been declared inside 'std'
 extern "C" void std::exit (int) throw (); using std::exit;
                                        ^
configure:2703: $? = 1
configure: failed program was:
| /* confdefs.h.  */
| 
| #define PACKAGE_NAME "Tauola C++ Interface"
| #define PACKAGE_TARNAME "tauola-c---interface"
| #define PACKAGE_VERSION "1.0.6"
| #define PACKAGE_STRING "Tauola C++ Interface 1.0.6"
| #define PACKAGE_BUGREPORT "tomasz.przedzinski@uj.edu.pl "
| /* end confdefs.h.  */
| extern "C" void std::exit (int) throw (); using std::exit;
| #include <stdlib.h>
| int
| main ()
| {
| exit (42);
|   ;
|   return 0;
| }
configure:2697: g++ -c -O2  conftest.cc >&5
conftest.cc:9:31: error: 'void std::exit(int)' should have been declared inside 'std'
 extern "C" void std::exit (int); using std::exit;
                               ^
In file included from conftest.cc:10:0:
/usr/include/stdlib.h:542:70: error: declaration of 'void std::exit(int) throw ()' has a different exception specifier
 extern void exit (int __status) __THROW __attribute__ ((__noreturn__));
                                                                      ^
conftest.cc:9:17: error: from previous declaration 'void std::exit(int)'
 extern "C" void std::exit (int); using std::exit;
                 ^
configure:2703: $? = 1
configure: failed program was:
| /* confdefs.h.  */
| 
| #define PACKAGE_NAME "Tauola C++ Interface"
| #define PACKAGE_TARNAME "tauola-c---interface"
| #define PACKAGE_VERSION "1.0.6"
| #define PACKAGE_STRING "Tauola C++ Interface 1.0.6"
| #define PACKAGE_BUGREPORT "tomasz.przedzinski@uj.edu.pl "
| /* end confdefs.h.  */
| extern "C" void std::exit (int); using std::exit;
| #include <stdlib.h>
| int
| main ()
| {
| exit (42);
|   ;
|   return 0;
| }
configure:2697: g++ -c -O2  conftest.cc >&5
configure:2703: $? = 0
configure:2707: test -z 
			 || test ! -s conftest.err
configure:2710: $? = 0
configure:2713: test -s conftest.o
configure:2716: $? = 0
configure:2742: g++ -c -O2  conftest.cc >&5
configure:2748: $? = 0
configure:2752: test -z 
			 || test ! -s conftest.err
configure:2755: $? = 0
configure:2758: test -s conftest.o
configure:2761: $? = 0
configure:2825: checking for ranlib
configure:2841: found /usr/bin/ranlib
configure:2852: result: ranlib
configure:2924: checking for gfortran
configure:2940: found /cvmfs/atlas.cern.ch/repo/ATLASLocalRootBase/x86_64/Gcc/gcc481_x86_64_slc6/slc6/gcc48/bin/gfortran
configure:2950: result: gfortran
configure:2965: checking for Fortran 77 compiler version
configure:2968: gfortran --version </dev/null >&5
GNU Fortran (GCC) 4.8.1
Copyright (C) 2013 Free Software Foundation, Inc.

GNU Fortran comes with NO WARRANTY, to the extent permitted by law.
You may redistribute copies of GNU Fortran
under the terms of the GNU General Public License.
For more information about these matters, see the file named COPYING

configure:2971: $? = 0
configure:2973: gfortran -v </dev/null >&5
Using built-in specs.
COLLECT_GCC=gfortran
COLLECT_LTO_WRAPPER=/cvmfs/atlas.cern.ch/repo/ATLASLocalRootBase/x86_64/Gcc/gcc481_x86_64_slc6/slc6/x86_64-slc6-gcc48-opt/bin/../libexec/gcc/x86_64-unknown-linux-gnu/4.8.1/lto-wrapper
Target: x86_64-unknown-linux-gnu
Configured with: /build/vdiez/gcc-4.8.1/configure --prefix=/build/vdiez/gcc-4.8.1-installation --with-mpfr=/afs/cern.ch/sw/lcg/external/mpfr/3.1.2/x86_64-slc6-gcc48-opt --with-gmp=/afs/cern.ch/sw/lcg/external/gmp/5.1.1/x86_64-slc6-gcc48-opt --with-mpc=/afs/cern.ch/sw/lcg/external/mpc/1.0.1/x86_64-slc6-gcc48-opt --enable-libstdcxx-time --enable-lto --with-isl=/afs/cern.ch/sw/lcg/external/isl/0.11.1/x86_64-slc6-gcc48-opt --with-cloog=/afs/cern.ch/sw/lcg/external/cloog/0.18.0/x86_64-slc6-gcc48-opt --enable-languages=c,c++,fortran,go
Thread model: posix
gcc version 4.8.1 (GCC) 
configure:2976: $? = 0
configure:2978: gfortran -V </dev/null >&5
gfortran: error: unrecognized command line option '-V'
gfortran: fatal error: no input files
compilation terminated.
configure:2981: $? = 1
configure:2989: checking whether we are using the GNU Fortran 77 compiler
configure:3003: gfortran -c -O2 conftest.F >&5
configure:3009: $? = 0
configure:3013: test -z 
			 || test ! -s conftest.err
configure:3016: $? = 0
configure:3019: test -s conftest.o
configure:3022: $? = 0
configure:3035: result: yes
configure:3041: checking whether gfortran accepts -g
configure:3053: gfortran -c -g conftest.f >&5
configure:3059: $? = 0
configure:3063: test -z 
			 || test ! -s conftest.err
configure:3066: $? = 0
configure:3069: test -s conftest.o
configure:3072: $? = 0
configure:3084: result: yes
configure:3114: checking how to run the C preprocessor
configure:3149: gcc -E  conftest.c
configure:3155: $? = 0
configure:3187: gcc -E  conftest.c
conftest.c:12:28: fatal error: ac_nonexistent.h: No such file or directory
 #include <ac_nonexistent.h>
                            ^
compilation terminated.
configure:3193: $? = 1
configure: failed program was:
| /* confdefs.h.  */
| 
| #define PACKAGE_NAME "Tauola C++ Interface"
| #define PACKAGE_TARNAME "tauola-c---interface"
| #define PACKAGE_VERSION "1.0.6"
| #define PACKAGE_STRING "Tauola C++ Interface 1.0.6"
| #define PACKAGE_BUGREPORT "tomasz.przedzinski@uj.edu.pl "
| #ifdef __cplusplus
| extern "C" void exit (int) throw ();
| #endif
| /* end confdefs.h.  */
| #include <ac_nonexistent.h>
configure:3232: result: gcc -E
configure:3256: gcc -E  conftest.c
configure:3262: $? = 0
configure:3294: gcc -E  conftest.c
conftest.c:12:28: fatal error: ac_nonexistent.h: No such file or directory
 #include <ac_nonexistent.h>
                            ^
compilation terminated.
configure:3300: $? = 1
configure: failed program was:
| /* confdefs.h.  */
| 
| #define PACKAGE_NAME "Tauola C++ Interface"
| #define PACKAGE_TARNAME "tauola-c---interface"
| #define PACKAGE_VERSION "1.0.6"
| #define PACKAGE_STRING "Tauola C++ Interface 1.0.6"
| #define PACKAGE_BUGREPORT "tomasz.przedzinski@uj.edu.pl "
| #ifdef __cplusplus
| extern "C" void exit (int) throw ();
| #endif
| /* end confdefs.h.  */
| #include <ac_nonexistent.h>
configure:3345: checking for cpp
configure:3361: found /cvmfs/atlas.cern.ch/repo/ATLASLocalRootBase/x86_64/Gcc/gcc481_x86_64_slc6/slc6/gcc48/bin/cpp
configure:3372: result: cpp
configure:3382: checking for an ANSI C-conforming const
configure:3449: g++ -c -O2  conftest.cc >&5
configure:3455: $? = 0
configure:3459: test -z 
			 || test ! -s conftest.err
configure:3462: $? = 0
configure:3465: test -s conftest.o
configure:3468: $? = 0
configure:3479: result: yes
configure:3489: checking for inline
configure:3510: g++ -c -O2  conftest.cc >&5
configure:3516: $? = 0
configure:3520: test -z 
			 || test ! -s conftest.err
configure:3523: $? = 0
configure:3526: test -s conftest.o
configure:3529: $? = 0
configure:3541: result: inline
configure:3565: checking how to run the C++ preprocessor
configure:3596: g++ -E  conftest.cc
configure:3602: $? = 0
configure:3634: g++ -E  conftest.cc
conftest.cc:12:28: fatal error: ac_nonexistent.h: No such file or directory
 #include <ac_nonexistent.h>
                            ^
compilation terminated.
configure:3640: $? = 1
configure: failed program was:
| /* confdefs.h.  */
| 
| #define PACKAGE_NAME "Tauola C++ Interface"
| #define PACKAGE_TARNAME "tauola-c---interface"
| #define PACKAGE_VERSION "1.0.6"
| #define PACKAGE_STRING "Tauola C++ Interface 1.0.6"
| #define PACKAGE_BUGREPORT "tomasz.przedzinski@uj.edu.pl "
| #ifdef __cplusplus
| extern "C" void exit (int) throw ();
| #endif
| /* end confdefs.h.  */
| #include <ac_nonexistent.h>
configure:3679: result: g++ -E
configure:3703: g++ -E  conftest.cc
configure:3709: $? = 0
configure:3741: g++ -E  conftest.cc
conftest.cc:12:28: fatal error: ac_nonexistent.h: No such file or directory
 #include <ac_nonexistent.h>
                            ^
compilation terminated.
configure:3747: $? = 1
configure: failed program was:
| /* confdefs.h.  */
| 
| #define PACKAGE_NAME "Tauola C++ Interface"
| #define PACKAGE_TARNAME "tauola-c---interface"
| #define PACKAGE_VERSION "1.0.6"
| #define PACKAGE_STRING "Tauola C++ Interface 1.0.6"
| #define PACKAGE_BUGREPORT "tomasz.przedzinski@uj.edu.pl "
| #ifdef __cplusplus
| extern "C" void exit (int) throw ();
| #endif
| /* end confdefs.h.  */
| #include <ac_nonexistent.h>
configure:3791: checking for egrep
configure:3801: result: grep -E
configure:3806: checking for ANSI C header files
configure:3831: g++ -c -O2  conftest.cc >&5
configure:3837: $? = 0
configure:3841: test -z 
			 || test ! -s conftest.err
configure:3844: $? = 0
configure:3847: test -s conftest.o
configure:3850: $? = 0
configure:3939: g++ -o conftest -O2   conftest.cc  >&5
configure:3942: $? = 0
configure:3944: ./conftest
configure:3947: $? = 0
configure:3962: result: yes
configure:3986: checking for sys/types.h
configure:4002: g++ -c -O2  conftest.cc >&5
configure:4008: $? = 0
configure:4012: test -z 
			 || test ! -s conftest.err
configure:4015: $? = 0
configure:4018: test -s conftest.o
configure:4021: $? = 0
configure:4032: result: yes
configure:3986: checking for sys/stat.h
configure:4002: g++ -c -O2  conftest.cc >&5
configure:4008: $? = 0
configure:4012: test -z 
			 || test ! -s conftest.err
configure:4015: $? = 0
configure:4018: test -s conftest.o
configure:4021: $? = 0
configure:4032: result: yes
configure:3986: checking for stdlib.h
configure:4002: g++ -c -O2  conftest.cc >&5
configure:4008: $? = 0
configure:4012: test -z 
			 || test ! -s conftest.err
configure:4015: $? = 0
configure:4018: test -s conftest.o
configure:4021: $? = 0
configure:4032: result: yes
configure:3986: checking for string.h
configure:4002: g++ -c -O2  conftest.cc >&5
configure:4008: $? = 0
configure:4012: test -z 
			 || test ! -s conftest.err
configure:4015: $? = 0
configure:4018: test -s conftest.o
configure:4021: $? = 0
configure:4032: result: yes
configure:3986: checking for memory.h
configure:4002: g++ -c -O2  conftest.cc >&5
configure:4008: $? = 0
configure:4012: test -z 
			 || test ! -s conftest.err
configure:4015: $? = 0
configure:4018: test -s conftest.o
configure:4021: $? = 0
configure:4032: result: yes
configure:3986: checking for strings.h
configure:4002: g++ -c -O2  conftest.cc >&5
configure:4008: $? = 0
configure:4012: test -z 
			 || test ! -s conftest.err
configure:4015: $? = 0
configure:4018: test -s conftest.o
configure:4021: $? = 0
configure:4032: result: yes
configure:3986: checking for inttypes.h
configure:4002: g++ -c -O2  conftest.cc >&5
configure:4008: $? = 0
configure:4012: test -z 
			 || test ! -s conftest.err
configure:4015: $? = 0
configure:4018: test -s conftest.o
configure:4021: $? = 0
configure:4032: result: yes
configure:3986: checking for stdint.h
configure:4002: g++ -c -O2  conftest.cc >&5
configure:4008: $? = 0
configure:4012: test -z 
			 || test ! -s conftest.err
configure:4015: $? = 0
configure:4018: test -s conftest.o
configure:4021: $? = 0
configure:4032: result: yes
configure:3986: checking for unistd.h
configure:4002: g++ -c -O2  conftest.cc >&5
configure:4008: $? = 0
configure:4012: test -z 
			 || test ! -s conftest.err
configure:4015: $? = 0
configure:4018: test -s conftest.o
configure:4021: $? = 0
configure:4032: result: yes
configure:4044: checking for ptrdiff_t
configure:4068: g++ -c -O2  conftest.cc >&5
configure:4074: $? = 0
configure:4078: test -z 
			 || test ! -s conftest.err
configure:4081: $? = 0
configure:4084: test -s conftest.o
configure:4087: $? = 0
configure:4098: result: yes
configure:4116: checking for stdlib.h
configure:4121: result: yes
configure:4261: checking for GNU libc compatible malloc
configure:4290: g++ -o conftest -O2   conftest.cc  >&5
configure:4293: $? = 0
configure:4295: ./conftest
configure:4298: $? = 0
configure:4312: result: yes
configure:4346: checking for strftime
configure:4403: g++ -o conftest -O2   conftest.cc  >&5
configure:4409: $? = 0
configure:4413: test -z 
			 || test ! -s conftest.err
configure:4416: $? = 0
configure:4419: test -s conftest
configure:4422: $? = 0
configure:4434: result: yes
configure:4525: checking for atexit
configure:4582: g++ -o conftest -O2   conftest.cc  >&5
configure:4588: $? = 0
configure:4592: test -z 
			 || test ! -s conftest.err
configure:4595: $? = 0
configure:4598: test -s conftest
configure:4601: $? = 0
configure:4613: result: yes
configure:4525: checking for getcwd
configure:4582: g++ -o conftest -O2   conftest.cc  >&5
configure:4588: $? = 0
configure:4592: test -z 
			 || test ! -s conftest.err
configure:4595: $? = 0
configure:4598: test -s conftest
configure:4601: $? = 0
configure:4613: result: yes
configure:4525: checking for pow
configure:4582: g++ -o conftest -O2   conftest.cc  >&5
configure:4588: $? = 0
configure:4592: test -z 
			 || test ! -s conftest.err
configure:4595: $? = 0
configure:4598: test -s conftest
configure:4601: $? = 0
configure:4613: result: yes
configure:4525: checking for sqrt
configure:4582: g++ -o conftest -O2   conftest.cc  >&5
configure:4588: $? = 0
configure:4592: test -z 
			 || test ! -s conftest.err
configure:4595: $? = 0
configure:4598: test -s conftest
configure:4601: $? = 0
configure:4613: result: yes
configure:4652: checking HepMC/Version.h usability
configure:4664: g++ -c -O2 -I/home/atlas/jreynolds/work/another_one/external/TAUOLA/TAUOLA/../../HEPMC/hepmc2.06.09/include  conftest.cc >&5
configure:4670: $? = 0
configure:4674: test -z 
			 || test ! -s conftest.err
configure:4677: $? = 0
configure:4680: test -s conftest.o
configure:4683: $? = 0
configure:4693: result: yes
configure:4697: checking HepMC/Version.h presence
configure:4707: g++ -E -I/home/atlas/jreynolds/work/another_one/external/TAUOLA/TAUOLA/../../HEPMC/hepmc2.06.09/include  conftest.cc
configure:4713: $? = 0
configure:4733: result: yes
configure:4768: checking for HepMC/Version.h
configure:4775: result: yes
configure:4813: checking HepMC/Units.h usability
configure:4825: g++ -c -O2 -I/home/atlas/jreynolds/work/another_one/external/TAUOLA/TAUOLA/../../HEPMC/hepmc2.06.09/include  conftest.cc >&5
configure:4831: $? = 0
configure:4835: test -z 
			 || test ! -s conftest.err
configure:4838: $? = 0
configure:4841: test -s conftest.o
configure:4844: $? = 0
configure:4854: result: yes
configure:4858: checking HepMC/Units.h presence
configure:4868: g++ -E -I/home/atlas/jreynolds/work/another_one/external/TAUOLA/TAUOLA/../../HEPMC/hepmc2.06.09/include  conftest.cc
configure:4874: $? = 0
configure:4894: result: yes
configure:4929: checking for HepMC/Units.h
configure:4936: result: yes
configure:4986: checking LHAPDF/LHAPDF.h usability
configure:4998: g++ -c -O2 -I/home/atlas/jreynolds/work/another_one/external/TAUOLA/TAUOLA/../../LHAPDF/lhapdf/include -I/home/atlas/jreynolds/work/another_one/external/TAUOLA/TAUOLA/../../HEPMC/hepmc2.06.09/include  conftest.cc >&5
configure:5004: $? = 0
configure:5008: test -z 
			 || test ! -s conftest.err
configure:5011: $? = 0
configure:5014: test -s conftest.o
configure:5017: $? = 0
configure:5027: result: yes
configure:5031: checking LHAPDF/LHAPDF.h presence
configure:5041: g++ -E -I/home/atlas/jreynolds/work/another_one/external/TAUOLA/TAUOLA/../../LHAPDF/lhapdf/include -I/home/atlas/jreynolds/work/another_one/external/TAUOLA/TAUOLA/../../HEPMC/hepmc2.06.09/include  conftest.cc
configure:5047: $? = 0
configure:5067: result: yes
configure:5102: checking for LHAPDF/LHAPDF.h
configure:5109: result: yes
configure:5282: creating ./config.status

## ---------------------- ##
## Running config.status. ##
## ---------------------- ##

This file was extended by Tauola C++ Interface config.status 1.0.6, which was
generated by GNU Autoconf 2.59.  Invocation command line was

  CONFIG_FILES    = 
  CONFIG_HEADERS  = 
  CONFIG_LINKS    = 
  CONFIG_COMMANDS = 
  $ ./config.status 

on lapy.lancs.ac.uk

config.status:654: creating platform/make.inc
config.status:654: creating configure.paths.sh
config.status:654: creating configure.paths.csh

## ---------------- ##
## Cache variables. ##
## ---------------- ##

ac_cv_c_compiler_gnu=yes
ac_cv_c_const=yes
ac_cv_c_inline=inline
ac_cv_cxx_compiler_gnu=yes
ac_cv_env_CC_set=
ac_cv_env_CC_value=
ac_cv_env_CFLAGS_set=
ac_cv_env_CFLAGS_value=
ac_cv_env_CPPFLAGS_set=
ac_cv_env_CPPFLAGS_value=
ac_cv_env_CPP_set=
ac_cv_env_CPP_value=
ac_cv_env_CXXCPP_set=
ac_cv_env_CXXCPP_value=
ac_cv_env_CXXFLAGS_set=
ac_cv_env_CXXFLAGS_value=
ac_cv_env_CXX_set=
ac_cv_env_CXX_value=
ac_cv_env_F77_set=
ac_cv_env_F77_value=
ac_cv_env_FFLAGS_set=
ac_cv_env_FFLAGS_value=
ac_cv_env_LDFLAGS_set=
ac_cv_env_LDFLAGS_value=
ac_cv_env_build_alias_set=
ac_cv_env_build_alias_value=
ac_cv_env_host_alias_set=
ac_cv_env_host_alias_value=
ac_cv_env_target_alias_set=
ac_cv_env_target_alias_value=
ac_cv_exeext=
ac_cv_f77_compiler_gnu=yes
ac_cv_func_atexit=yes
ac_cv_func_getcwd=yes
ac_cv_func_malloc_0_nonnull=yes
ac_cv_func_pow=yes
ac_cv_func_sqrt=yes
ac_cv_func_strftime=yes
ac_cv_header_HepMC_Units_h=yes
ac_cv_header_HepMC_Version_h=yes
ac_cv_header_LHAPDF_LHAPDF_h=yes
ac_cv_header_inttypes_h=yes
ac_cv_header_memory_h=yes
ac_cv_header_stdc=yes
ac_cv_header_stdint_h=yes
ac_cv_header_stdlib_h=yes
ac_cv_header_string_h=yes
ac_cv_header_strings_h=yes
ac_cv_header_sys_stat_h=yes
ac_cv_header_sys_types_h=yes
ac_cv_header_unistd_h=yes
ac_cv_objext=o
ac_cv_prog_CPP='gcc -E'
ac_cv_prog_CXXCPP='g++ -E'
ac_cv_prog_DIRECT_CPP=cpp
ac_cv_prog_ac_ct_CC=gcc
ac_cv_prog_ac_ct_CXX=g++
ac_cv_prog_ac_ct_F77=gfortran
ac_cv_prog_ac_ct_RANLIB=ranlib
ac_cv_prog_cc_g=yes
ac_cv_prog_cc_stdc=
ac_cv_prog_cxx_g=yes
ac_cv_prog_egrep='grep -E'
ac_cv_prog_f77_g=yes
ac_cv_prog_make_make_set=yes
ac_cv_type_ptrdiff_t=yes

## ----------------- ##
## Output variables. ##
## ----------------- ##

CC='gcc'
CFLAGS='-g -O2'
CPP='gcc -E'
CPPFLAGS='-I/home/atlas/jreynolds/work/another_one/external/TAUOLA/TAUOLA/../../LHAPDF/lhapdf/include -I/home/atlas/jreynolds/work/another_one/external/TAUOLA/TAUOLA/../../HEPMC/hepmc2.06.09/include '
CXX='g++'
CXXCPP='g++ -E'
CXXFLAGS='-O2'
DEFS='-DPACKAGE_NAME=\"Tauola\ C++\ Interface\" -DPACKAGE_TARNAME=\"tauola-c---interface\" -DPACKAGE_VERSION=\"1.0.6\" -DPACKAGE_STRING=\"Tauola\ C++\ Interface\ 1.0.6\" -DPACKAGE_BUGREPORT=\"tomasz.przedzinski@uj.edu.pl\ \" -DSTDC_HEADERS=1 -DHAVE_SYS_TYPES_H=1 -DHAVE_SYS_STAT_H=1 -DHAVE_STDLIB_H=1 -DHAVE_STRING_H=1 -DHAVE_MEMORY_H=1 -DHAVE_STRINGS_H=1 -DHAVE_INTTYPES_H=1 -DHAVE_STDINT_H=1 -DHAVE_UNISTD_H=1 -DHAVE_PTRDIFF_T=1 -DHAVE_STDLIB_H=1 -DHAVE_MALLOC=1 -DHAVE_STRFTIME=1 -DHAVE_ATEXIT=1 -DHAVE_GETCWD=1 -DHAVE_POW=1 -DHAVE_SQRT=1 -DHAVE_HEPMC_VERSION_H=1 -DHAVE_HEPMC_UNITS_H=1 -DHAVE_LHAPDF_LHAPDF_H=1 '
DIRECT_CPP='cpp'
ECHO_C=''
ECHO_N='-n'
ECHO_T=''
EGREP='grep -E'
EXEEXT=''
F77='gfortran'
FFLAGS='-O2'
LDFLAGS=''
LIBOBJS=''
LIBS=''
LN_S='ln -s'
LTLIBOBJS=''
OBJEXT='o'
PACKAGE_BUGREPORT='tomasz.przedzinski@uj.edu.pl '
PACKAGE_NAME='Tauola C++ Interface'
PACKAGE_STRING='Tauola C++ Interface 1.0.6'
PACKAGE_TARNAME='tauola-c---interface'
PACKAGE_VERSION='1.0.6'
PATH_SEPARATOR=':'
RANLIB='ranlib'
SET_MAKE=''
SHELL='/bin/sh'
ac_ct_CC='gcc'
ac_ct_CXX='g++'
ac_ct_F77='gfortran'
ac_ct_RANLIB='ranlib'
bindir='${exec_prefix}/bin'
build_alias=''
datadir='${prefix}/share'
exec_prefix='${prefix}'
host_alias=''
includedir='${prefix}/include'
infodir='${prefix}/info'
libdir='${exec_prefix}/lib'
libexecdir='${exec_prefix}/libexec'
localstatedir='${prefix}/var'
mandir='${prefix}/man'
oldincludedir='/usr/include'
prefix='/home/atlas/jreynolds/work/another_one/external/TAUOLA/TAUOLA'
program_transform_name='s,x,x,'
pythia8data=''
sbindir='${exec_prefix}/sbin'
sharedstatedir='${prefix}/com'
sysconfdir='${prefix}/etc'
target_alias=''
with_hepmc='/home/atlas/jreynolds/work/another_one/external/TAUOLA/TAUOLA/../../HEPMC/hepmc2.06.09'
with_lhapdf='/home/atlas/jreynolds/work/another_one/external/TAUOLA/TAUOLA/../../LHAPDF/lhapdf'
with_mc_tester='/home/atlas/jreynolds/work/another_one/external/TAUOLA/TAUOLA/../../MC-TESTER/mc-tester'
with_pythia8='/home/atlas/jreynolds/work/another_one/external/TAUOLA/TAUOLA/../../PYTHIA/pythia8306'
with_tau_spinner='yes'
with_tauola='/home/atlas/jreynolds/work/another_one/external/TAUOLA/TAUOLA'

## ----------- ##
## confdefs.h. ##
## ----------- ##

#define HAVE_ATEXIT 1
#define HAVE_GETCWD 1
#define HAVE_HEPMC_UNITS_H 1
#define HAVE_HEPMC_VERSION_H 1
#define HAVE_INTTYPES_H 1
#define HAVE_LHAPDF_LHAPDF_H 1
#define HAVE_MALLOC 1
#define HAVE_MEMORY_H 1
#define HAVE_POW 1
#define HAVE_PTRDIFF_T 1
#define HAVE_SQRT 1
#define HAVE_STDINT_H 1
#define HAVE_STDLIB_H 1
#define HAVE_STDLIB_H 1
#define HAVE_STRFTIME 1
#define HAVE_STRINGS_H 1
#define HAVE_STRING_H 1
#define HAVE_SYS_STAT_H 1
#define HAVE_SYS_TYPES_H 1
#define HAVE_UNISTD_H 1
#define PACKAGE_BUGREPORT "tomasz.przedzinski@uj.edu.pl "
#define PACKAGE_NAME "Tauola C++ Interface"
#define PACKAGE_STRING "Tauola C++ Interface 1.0.6"
#define PACKAGE_TARNAME "tauola-c---interface"
#define PACKAGE_VERSION "1.0.6"
#define STDC_HEADERS 1
#endif
#ifdef __cplusplus
extern "C" void exit (int) throw ();

configure: exit 0
